mode: set
github.com/go-park-mail-ru/2019_2_CoolCode/repository/chats_db_repository.go:15.92,26.16 3 1
github.com/go-park-mail-ru/2019_2_CoolCode/repository/chats_db_repository.go:29.2,33.78 3 1
github.com/go-park-mail-ru/2019_2_CoolCode/repository/chats_db_repository.go:37.2,39.16 2 1
github.com/go-park-mail-ru/2019_2_CoolCode/repository/chats_db_repository.go:43.2,43.18 1 1
github.com/go-park-mail-ru/2019_2_CoolCode/repository/chats_db_repository.go:58.2,58.20 1 1
github.com/go-park-mail-ru/2019_2_CoolCode/repository/chats_db_repository.go:26.16,28.3 1 1
github.com/go-park-mail-ru/2019_2_CoolCode/repository/chats_db_repository.go:33.78,35.3 1 1
github.com/go-park-mail-ru/2019_2_CoolCode/repository/chats_db_repository.go:39.16,41.3 1 1
github.com/go-park-mail-ru/2019_2_CoolCode/repository/chats_db_repository.go:43.18,47.17 4 1
github.com/go-park-mail-ru/2019_2_CoolCode/repository/chats_db_repository.go:51.3,53.14 2 1
github.com/go-park-mail-ru/2019_2_CoolCode/repository/chats_db_repository.go:47.17,49.4 1 1
github.com/go-park-mail-ru/2019_2_CoolCode/repository/chats_db_repository.go:53.14,55.4 1 1
github.com/go-park-mail-ru/2019_2_CoolCode/repository/chats_db_repository.go:61.101,65.16 3 0
github.com/go-park-mail-ru/2019_2_CoolCode/repository/chats_db_repository.go:68.2,72.16 3 0
github.com/go-park-mail-ru/2019_2_CoolCode/repository/chats_db_repository.go:76.2,76.18 1 0
github.com/go-park-mail-ru/2019_2_CoolCode/repository/chats_db_repository.go:90.2,90.20 1 0
github.com/go-park-mail-ru/2019_2_CoolCode/repository/chats_db_repository.go:65.16,67.3 1 0
github.com/go-park-mail-ru/2019_2_CoolCode/repository/chats_db_repository.go:72.16,74.3 1 0
github.com/go-park-mail-ru/2019_2_CoolCode/repository/chats_db_repository.go:76.18,79.17 3 0
github.com/go-park-mail-ru/2019_2_CoolCode/repository/chats_db_repository.go:82.3,83.17 2 0
github.com/go-park-mail-ru/2019_2_CoolCode/repository/chats_db_repository.go:86.3,86.36 1 0
github.com/go-park-mail-ru/2019_2_CoolCode/repository/chats_db_repository.go:79.17,81.4 1 0
github.com/go-park-mail-ru/2019_2_CoolCode/repository/chats_db_repository.go:83.17,85.4 1 0
github.com/go-park-mail-ru/2019_2_CoolCode/repository/chats_db_repository.go:93.86,96.16 3 0
github.com/go-park-mail-ru/2019_2_CoolCode/repository/chats_db_repository.go:99.2,99.17 1 0
github.com/go-park-mail-ru/2019_2_CoolCode/repository/chats_db_repository.go:102.2,103.18 2 0
github.com/go-park-mail-ru/2019_2_CoolCode/repository/chats_db_repository.go:110.2,110.34 1 0
github.com/go-park-mail-ru/2019_2_CoolCode/repository/chats_db_repository.go:117.2,117.20 1 0
github.com/go-park-mail-ru/2019_2_CoolCode/repository/chats_db_repository.go:96.16,98.3 1 0
github.com/go-park-mail-ru/2019_2_CoolCode/repository/chats_db_repository.go:99.17,101.3 1 0
github.com/go-park-mail-ru/2019_2_CoolCode/repository/chats_db_repository.go:103.18,106.34 3 0
github.com/go-park-mail-ru/2019_2_CoolCode/repository/chats_db_repository.go:106.34,108.4 1 0
github.com/go-park-mail-ru/2019_2_CoolCode/repository/chats_db_repository.go:110.34,112.17 2 0
github.com/go-park-mail-ru/2019_2_CoolCode/repository/chats_db_repository.go:115.3,115.37 1 0
github.com/go-park-mail-ru/2019_2_CoolCode/repository/chats_db_repository.go:112.17,114.4 1 0
github.com/go-park-mail-ru/2019_2_CoolCode/repository/chats_db_repository.go:120.86,124.16 3 0
github.com/go-park-mail-ru/2019_2_CoolCode/repository/chats_db_repository.go:127.2,131.101 3 0
github.com/go-park-mail-ru/2019_2_CoolCode/repository/chats_db_repository.go:135.2,137.16 2 0
github.com/go-park-mail-ru/2019_2_CoolCode/repository/chats_db_repository.go:141.2,141.18 1 0
github.com/go-park-mail-ru/2019_2_CoolCode/repository/chats_db_repository.go:156.2,156.20 1 0
github.com/go-park-mail-ru/2019_2_CoolCode/repository/chats_db_repository.go:124.16,126.3 1 0
github.com/go-park-mail-ru/2019_2_CoolCode/repository/chats_db_repository.go:131.101,133.3 1 0
github.com/go-park-mail-ru/2019_2_CoolCode/repository/chats_db_repository.go:137.16,139.3 1 0
github.com/go-park-mail-ru/2019_2_CoolCode/repository/chats_db_repository.go:141.18,145.17 4 0
github.com/go-park-mail-ru/2019_2_CoolCode/repository/chats_db_repository.go:149.3,151.14 2 0
github.com/go-park-mail-ru/2019_2_CoolCode/repository/chats_db_repository.go:145.17,147.4 1 0
github.com/go-park-mail-ru/2019_2_CoolCode/repository/chats_db_repository.go:151.14,153.4 1 0
github.com/go-park-mail-ru/2019_2_CoolCode/repository/chats_db_repository.go:159.73,163.16 3 0
github.com/go-park-mail-ru/2019_2_CoolCode/repository/chats_db_repository.go:166.2,171.16 4 0
github.com/go-park-mail-ru/2019_2_CoolCode/repository/chats_db_repository.go:175.2,176.16 2 0
github.com/go-park-mail-ru/2019_2_CoolCode/repository/chats_db_repository.go:180.2,180.18 1 0
github.com/go-park-mail-ru/2019_2_CoolCode/repository/chats_db_repository.go:189.2,189.20 1 0
github.com/go-park-mail-ru/2019_2_CoolCode/repository/chats_db_repository.go:163.16,165.3 1 0
github.com/go-park-mail-ru/2019_2_CoolCode/repository/chats_db_repository.go:171.16,173.3 1 0
github.com/go-park-mail-ru/2019_2_CoolCode/repository/chats_db_repository.go:176.16,178.3 1 0
github.com/go-park-mail-ru/2019_2_CoolCode/repository/chats_db_repository.go:180.18,183.17 3 0
github.com/go-park-mail-ru/2019_2_CoolCode/repository/chats_db_repository.go:186.3,186.50 1 0
github.com/go-park-mail-ru/2019_2_CoolCode/repository/chats_db_repository.go:183.17,185.4 1 0
github.com/go-park-mail-ru/2019_2_CoolCode/repository/chats_db_repository.go:192.76,195.16 3 0
github.com/go-park-mail-ru/2019_2_CoolCode/repository/chats_db_repository.go:198.2,198.17 1 0
github.com/go-park-mail-ru/2019_2_CoolCode/repository/chats_db_repository.go:201.2,202.18 2 0
github.com/go-park-mail-ru/2019_2_CoolCode/repository/chats_db_repository.go:209.2,209.29 1 0
github.com/go-park-mail-ru/2019_2_CoolCode/repository/chats_db_repository.go:215.2,215.20 1 0
github.com/go-park-mail-ru/2019_2_CoolCode/repository/chats_db_repository.go:195.16,197.3 1 0
github.com/go-park-mail-ru/2019_2_CoolCode/repository/chats_db_repository.go:198.17,200.3 1 0
github.com/go-park-mail-ru/2019_2_CoolCode/repository/chats_db_repository.go:202.18,205.29 3 0
github.com/go-park-mail-ru/2019_2_CoolCode/repository/chats_db_repository.go:205.29,207.4 1 0
github.com/go-park-mail-ru/2019_2_CoolCode/repository/chats_db_repository.go:209.29,211.17 2 0
github.com/go-park-mail-ru/2019_2_CoolCode/repository/chats_db_repository.go:211.17,213.4 1 0
github.com/go-park-mail-ru/2019_2_CoolCode/repository/chats_db_repository.go:218.87,221.16 3 1
github.com/go-park-mail-ru/2019_2_CoolCode/repository/chats_db_repository.go:224.2,230.43 6 1
github.com/go-park-mail-ru/2019_2_CoolCode/repository/chats_db_repository.go:240.2,242.16 3 1
github.com/go-park-mail-ru/2019_2_CoolCode/repository/chats_db_repository.go:245.2,246.16 2 1
github.com/go-park-mail-ru/2019_2_CoolCode/repository/chats_db_repository.go:249.2,249.25 1 1
github.com/go-park-mail-ru/2019_2_CoolCode/repository/chats_db_repository.go:221.16,223.3 1 1
github.com/go-park-mail-ru/2019_2_CoolCode/repository/chats_db_repository.go:230.43,233.41 3 1
github.com/go-park-mail-ru/2019_2_CoolCode/repository/chats_db_repository.go:233.41,235.4 1 1
github.com/go-park-mail-ru/2019_2_CoolCode/repository/chats_db_repository.go:235.9,237.4 1 1
github.com/go-park-mail-ru/2019_2_CoolCode/repository/chats_db_repository.go:242.16,244.3 1 1
github.com/go-park-mail-ru/2019_2_CoolCode/repository/chats_db_repository.go:246.16,248.3 1 1
github.com/go-park-mail-ru/2019_2_CoolCode/repository/chats_db_repository.go:252.81,256.16 3 1
github.com/go-park-mail-ru/2019_2_CoolCode/repository/chats_db_repository.go:259.2,268.41 6 1
github.com/go-park-mail-ru/2019_2_CoolCode/repository/chats_db_repository.go:277.2,280.16 3 1
github.com/go-park-mail-ru/2019_2_CoolCode/repository/chats_db_repository.go:283.2,284.16 2 1
github.com/go-park-mail-ru/2019_2_CoolCode/repository/chats_db_repository.go:287.2,287.23 1 1
github.com/go-park-mail-ru/2019_2_CoolCode/repository/chats_db_repository.go:256.16,258.3 1 1
github.com/go-park-mail-ru/2019_2_CoolCode/repository/chats_db_repository.go:268.41,271.39 3 1
github.com/go-park-mail-ru/2019_2_CoolCode/repository/chats_db_repository.go:271.39,273.4 1 1
github.com/go-park-mail-ru/2019_2_CoolCode/repository/chats_db_repository.go:273.9,275.4 1 1
github.com/go-park-mail-ru/2019_2_CoolCode/repository/chats_db_repository.go:280.16,282.3 1 1
github.com/go-park-mail-ru/2019_2_CoolCode/repository/chats_db_repository.go:284.16,286.3 1 1
github.com/go-park-mail-ru/2019_2_CoolCode/repository/chats_db_repository.go:290.72,293.16 3 1
github.com/go-park-mail-ru/2019_2_CoolCode/repository/chats_db_repository.go:296.2,305.38 6 1
github.com/go-park-mail-ru/2019_2_CoolCode/repository/chats_db_repository.go:310.2,312.16 3 1
github.com/go-park-mail-ru/2019_2_CoolCode/repository/chats_db_repository.go:315.2,316.16 2 1
github.com/go-park-mail-ru/2019_2_CoolCode/repository/chats_db_repository.go:319.2,319.20 1 1
github.com/go-park-mail-ru/2019_2_CoolCode/repository/chats_db_repository.go:293.16,295.3 1 1
github.com/go-park-mail-ru/2019_2_CoolCode/repository/chats_db_repository.go:305.38,309.3 3 1
github.com/go-park-mail-ru/2019_2_CoolCode/repository/chats_db_repository.go:312.16,314.3 1 1
github.com/go-park-mail-ru/2019_2_CoolCode/repository/chats_db_repository.go:316.16,318.3 1 1
github.com/go-park-mail-ru/2019_2_CoolCode/repository/chats_db_repository.go:322.80,324.16 2 1
github.com/go-park-mail-ru/2019_2_CoolCode/repository/chats_db_repository.go:327.2,330.16 3 1
github.com/go-park-mail-ru/2019_2_CoolCode/repository/chats_db_repository.go:334.2,335.16 2 1
github.com/go-park-mail-ru/2019_2_CoolCode/repository/chats_db_repository.go:339.2,342.43 4 1
github.com/go-park-mail-ru/2019_2_CoolCode/repository/chats_db_repository.go:351.2,353.16 3 1
github.com/go-park-mail-ru/2019_2_CoolCode/repository/chats_db_repository.go:357.2,358.16 2 1
github.com/go-park-mail-ru/2019_2_CoolCode/repository/chats_db_repository.go:361.2,361.12 1 1
github.com/go-park-mail-ru/2019_2_CoolCode/repository/chats_db_repository.go:324.16,326.3 1 1
github.com/go-park-mail-ru/2019_2_CoolCode/repository/chats_db_repository.go:330.16,332.3 1 1
github.com/go-park-mail-ru/2019_2_CoolCode/repository/chats_db_repository.go:335.16,337.3 1 1
github.com/go-park-mail-ru/2019_2_CoolCode/repository/chats_db_repository.go:342.43,345.41 3 1
github.com/go-park-mail-ru/2019_2_CoolCode/repository/chats_db_repository.go:345.41,347.4 1 1
github.com/go-park-mail-ru/2019_2_CoolCode/repository/chats_db_repository.go:347.9,349.4 1 1
github.com/go-park-mail-ru/2019_2_CoolCode/repository/chats_db_repository.go:353.16,356.3 1 1
github.com/go-park-mail-ru/2019_2_CoolCode/repository/chats_db_repository.go:358.16,360.3 1 1
github.com/go-park-mail-ru/2019_2_CoolCode/repository/chats_db_repository.go:364.74,366.16 2 1
github.com/go-park-mail-ru/2019_2_CoolCode/repository/chats_db_repository.go:369.2,371.16 3 1
github.com/go-park-mail-ru/2019_2_CoolCode/repository/chats_db_repository.go:375.2,376.16 2 1
github.com/go-park-mail-ru/2019_2_CoolCode/repository/chats_db_repository.go:380.2,383.41 4 1
github.com/go-park-mail-ru/2019_2_CoolCode/repository/chats_db_repository.go:392.2,394.16 3 1
github.com/go-park-mail-ru/2019_2_CoolCode/repository/chats_db_repository.go:398.2,399.16 2 1
github.com/go-park-mail-ru/2019_2_CoolCode/repository/chats_db_repository.go:402.2,402.12 1 1
github.com/go-park-mail-ru/2019_2_CoolCode/repository/chats_db_repository.go:366.16,368.3 1 1
github.com/go-park-mail-ru/2019_2_CoolCode/repository/chats_db_repository.go:371.16,373.3 1 1
github.com/go-park-mail-ru/2019_2_CoolCode/repository/chats_db_repository.go:376.16,378.3 1 1
github.com/go-park-mail-ru/2019_2_CoolCode/repository/chats_db_repository.go:383.41,386.39 3 1
github.com/go-park-mail-ru/2019_2_CoolCode/repository/chats_db_repository.go:386.39,388.4 1 1
github.com/go-park-mail-ru/2019_2_CoolCode/repository/chats_db_repository.go:388.9,390.4 1 1
github.com/go-park-mail-ru/2019_2_CoolCode/repository/chats_db_repository.go:394.16,397.3 1 1
github.com/go-park-mail-ru/2019_2_CoolCode/repository/chats_db_repository.go:399.16,401.3 1 1
github.com/go-park-mail-ru/2019_2_CoolCode/repository/chats_db_repository.go:406.80,408.16 2 1
github.com/go-park-mail-ru/2019_2_CoolCode/repository/chats_db_repository.go:411.2,411.30 1 1
github.com/go-park-mail-ru/2019_2_CoolCode/repository/chats_db_repository.go:408.16,410.3 1 1
github.com/go-park-mail-ru/2019_2_CoolCode/repository/chats_db_repository.go:414.76,416.16 2 1
github.com/go-park-mail-ru/2019_2_CoolCode/repository/chats_db_repository.go:419.2,419.30 1 1
github.com/go-park-mail-ru/2019_2_CoolCode/repository/chats_db_repository.go:416.16,418.3 1 1
github.com/go-park-mail-ru/2019_2_CoolCode/repository/chats_db_repository.go:422.70,424.16 2 1
github.com/go-park-mail-ru/2019_2_CoolCode/repository/chats_db_repository.go:427.2,427.30 1 1
github.com/go-park-mail-ru/2019_2_CoolCode/repository/chats_db_repository.go:424.16,426.3 1 1
github.com/go-park-mail-ru/2019_2_CoolCode/repository/chats_db_repository.go:431.62,432.23 1 0
github.com/go-park-mail-ru/2019_2_CoolCode/repository/chats_db_repository.go:435.42,436.22 1 1
github.com/go-park-mail-ru/2019_2_CoolCode/repository/chats_db_repository.go:441.2,441.14 1 1
github.com/go-park-mail-ru/2019_2_CoolCode/repository/chats_db_repository.go:436.22,437.13 1 1
github.com/go-park-mail-ru/2019_2_CoolCode/repository/chats_db_repository.go:437.13,439.4 1 1
github.com/go-park-mail-ru/2019_2_CoolCode/repository/chats_db_repository.go:444.55,446.2 1 1
github.com/go-park-mail-ru/2019_2_CoolCode/repository/notification_array_repository.go:9.94,10.35 1 0
github.com/go-park-mail-ru/2019_2_CoolCode/repository/notification_array_repository.go:13.2,14.23 2 0
github.com/go-park-mail-ru/2019_2_CoolCode/repository/notification_array_repository.go:10.35,12.3 1 0
github.com/go-park-mail-ru/2019_2_CoolCode/repository/notification_array_repository.go:17.44,19.2 1 0
github.com/go-park-mail-ru/2019_2_CoolCode/repository/photos_array_repository.go:15.93,16.15 1 0
github.com/go-park-mail-ru/2019_2_CoolCode/repository/photos_array_repository.go:25.2,26.16 2 0
github.com/go-park-mail-ru/2019_2_CoolCode/repository/photos_array_repository.go:31.2,31.15 1 0
github.com/go-park-mail-ru/2019_2_CoolCode/repository/photos_array_repository.go:40.2,41.16 2 0
github.com/go-park-mail-ru/2019_2_CoolCode/repository/photos_array_repository.go:45.2,47.16 2 0
github.com/go-park-mail-ru/2019_2_CoolCode/repository/photos_array_repository.go:52.2,53.16 2 0
github.com/go-park-mail-ru/2019_2_CoolCode/repository/photos_array_repository.go:58.2,58.12 1 0
github.com/go-park-mail-ru/2019_2_CoolCode/repository/photos_array_repository.go:16.15,19.37 2 0
github.com/go-park-mail-ru/2019_2_CoolCode/repository/photos_array_repository.go:19.37,22.4 2 0
github.com/go-park-mail-ru/2019_2_CoolCode/repository/photos_array_repository.go:26.16,29.3 2 0
github.com/go-park-mail-ru/2019_2_CoolCode/repository/photos_array_repository.go:31.15,34.37 2 0
github.com/go-park-mail-ru/2019_2_CoolCode/repository/photos_array_repository.go:34.37,37.4 2 0
github.com/go-park-mail-ru/2019_2_CoolCode/repository/photos_array_repository.go:41.16,44.3 2 0
github.com/go-park-mail-ru/2019_2_CoolCode/repository/photos_array_repository.go:47.16,50.3 2 0
github.com/go-park-mail-ru/2019_2_CoolCode/repository/photos_array_repository.go:53.16,56.3 2 0
github.com/go-park-mail-ru/2019_2_CoolCode/repository/photos_array_repository.go:61.68,65.16 3 0
github.com/go-park-mail-ru/2019_2_CoolCode/repository/photos_array_repository.go:70.2,70.18 1 0
github.com/go-park-mail-ru/2019_2_CoolCode/repository/photos_array_repository.go:65.16,69.3 3 0
github.com/go-park-mail-ru/2019_2_CoolCode/repository/photos_array_repository.go:73.60,75.2 1 0
github.com/go-park-mail-ru/2019_2_CoolCode/repository/sessions_redis_repository.go:13.73,16.16 3 0
github.com/go-park-mail-ru/2019_2_CoolCode/repository/sessions_redis_repository.go:19.2,19.18 1 0
github.com/go-park-mail-ru/2019_2_CoolCode/repository/sessions_redis_repository.go:16.16,18.3 1 0
github.com/go-park-mail-ru/2019_2_CoolCode/repository/sessions_redis_repository.go:22.65,23.23 1 0
github.com/go-park-mail-ru/2019_2_CoolCode/repository/sessions_redis_repository.go:26.72,29.16 3 0
github.com/go-park-mail-ru/2019_2_CoolCode/repository/sessions_redis_repository.go:32.2,32.12 1 0
github.com/go-park-mail-ru/2019_2_CoolCode/repository/sessions_redis_repository.go:29.16,31.3 1 0
github.com/go-park-mail-ru/2019_2_CoolCode/repository/sessions_redis_repository.go:35.64,38.16 3 0
github.com/go-park-mail-ru/2019_2_CoolCode/repository/sessions_redis_repository.go:41.2,41.12 1 0
github.com/go-park-mail-ru/2019_2_CoolCode/repository/sessions_redis_repository.go:38.16,40.3 1 0
github.com/go-park-mail-ru/2019_2_CoolCode/repository/sessions_redis_repository.go:44.67,46.2 1 0
github.com/go-park-mail-ru/2019_2_CoolCode/repository/user_db_repository.go:13.75,22.16 8 1
github.com/go-park-mail-ru/2019_2_CoolCode/repository/user_db_repository.go:26.2,26.16 1 1
github.com/go-park-mail-ru/2019_2_CoolCode/repository/user_db_repository.go:29.2,29.18 1 1
github.com/go-park-mail-ru/2019_2_CoolCode/repository/user_db_repository.go:32.2,32.17 1 1
github.com/go-park-mail-ru/2019_2_CoolCode/repository/user_db_repository.go:35.2,35.19 1 1
github.com/go-park-mail-ru/2019_2_CoolCode/repository/user_db_repository.go:22.16,24.3 1 1
github.com/go-park-mail-ru/2019_2_CoolCode/repository/user_db_repository.go:26.16,28.3 1 1
github.com/go-park-mail-ru/2019_2_CoolCode/repository/user_db_repository.go:29.18,31.3 1 1
github.com/go-park-mail-ru/2019_2_CoolCode/repository/user_db_repository.go:32.17,34.3 1 1
github.com/go-park-mail-ru/2019_2_CoolCode/repository/user_db_repository.go:38.81,48.16 8 1
github.com/go-park-mail-ru/2019_2_CoolCode/repository/user_db_repository.go:52.2,52.16 1 1
github.com/go-park-mail-ru/2019_2_CoolCode/repository/user_db_repository.go:55.2,55.18 1 1
github.com/go-park-mail-ru/2019_2_CoolCode/repository/user_db_repository.go:58.2,58.17 1 1
github.com/go-park-mail-ru/2019_2_CoolCode/repository/user_db_repository.go:61.2,61.19 1 1
github.com/go-park-mail-ru/2019_2_CoolCode/repository/user_db_repository.go:48.16,50.3 1 1
github.com/go-park-mail-ru/2019_2_CoolCode/repository/user_db_repository.go:52.16,54.3 1 1
github.com/go-park-mail-ru/2019_2_CoolCode/repository/user_db_repository.go:55.18,57.3 1 1
github.com/go-park-mail-ru/2019_2_CoolCode/repository/user_db_repository.go:58.17,60.3 1 1
github.com/go-park-mail-ru/2019_2_CoolCode/repository/user_db_repository.go:64.77,72.16 5 1
github.com/go-park-mail-ru/2019_2_CoolCode/repository/user_db_repository.go:76.2,76.16 1 1
github.com/go-park-mail-ru/2019_2_CoolCode/repository/user_db_repository.go:72.16,74.3 1 1
github.com/go-park-mail-ru/2019_2_CoolCode/repository/user_db_repository.go:79.78,85.16 2 1
github.com/go-park-mail-ru/2019_2_CoolCode/repository/user_db_repository.go:88.2,88.12 1 1
github.com/go-park-mail-ru/2019_2_CoolCode/repository/user_db_repository.go:85.16,87.3 1 1
github.com/go-park-mail-ru/2019_2_CoolCode/repository/user_db_repository.go:91.63,97.16 5 1
github.com/go-park-mail-ru/2019_2_CoolCode/repository/user_db_repository.go:100.2,100.13 1 1
github.com/go-park-mail-ru/2019_2_CoolCode/repository/user_db_repository.go:97.16,99.3 1 1
github.com/go-park-mail-ru/2019_2_CoolCode/repository/user_db_repository.go:103.64,109.16 6 1
github.com/go-park-mail-ru/2019_2_CoolCode/repository/user_db_repository.go:112.2,112.18 1 1
github.com/go-park-mail-ru/2019_2_CoolCode/repository/user_db_repository.go:129.2,131.23 2 1
github.com/go-park-mail-ru/2019_2_CoolCode/repository/user_db_repository.go:109.16,111.3 1 1
github.com/go-park-mail-ru/2019_2_CoolCode/repository/user_db_repository.go:112.18,115.17 3 1
github.com/go-park-mail-ru/2019_2_CoolCode/repository/user_db_repository.go:118.3,118.17 1 1
github.com/go-park-mail-ru/2019_2_CoolCode/repository/user_db_repository.go:121.3,121.19 1 1
github.com/go-park-mail-ru/2019_2_CoolCode/repository/user_db_repository.go:124.3,124.18 1 1
github.com/go-park-mail-ru/2019_2_CoolCode/repository/user_db_repository.go:127.3,127.50 1 1
github.com/go-park-mail-ru/2019_2_CoolCode/repository/user_db_repository.go:115.17,117.4 1 1
github.com/go-park-mail-ru/2019_2_CoolCode/repository/user_db_repository.go:118.17,120.4 1 1
github.com/go-park-mail-ru/2019_2_CoolCode/repository/user_db_repository.go:121.19,123.4 1 1
github.com/go-park-mail-ru/2019_2_CoolCode/repository/user_db_repository.go:124.18,126.4 1 1
github.com/go-park-mail-ru/2019_2_CoolCode/repository/user_db_repository.go:134.42,138.2 1 1
github.com/go-park-mail-ru/2019_2_CoolCode/repository/message_db_repository.go:13.83,19.16 4 0
github.com/go-park-mail-ru/2019_2_CoolCode/repository/message_db_repository.go:22.2,22.20 1 0
github.com/go-park-mail-ru/2019_2_CoolCode/repository/message_db_repository.go:19.16,21.3 1 0
github.com/go-park-mail-ru/2019_2_CoolCode/repository/message_db_repository.go:26.89,30.95 3 0
github.com/go-park-mail-ru/2019_2_CoolCode/repository/message_db_repository.go:34.2,34.31 1 0
github.com/go-park-mail-ru/2019_2_CoolCode/repository/message_db_repository.go:30.95,33.3 1 0
github.com/go-park-mail-ru/2019_2_CoolCode/repository/message_db_repository.go:37.91,40.16 3 0
github.com/go-park-mail-ru/2019_2_CoolCode/repository/message_db_repository.go:44.2,44.18 1 0
github.com/go-park-mail-ru/2019_2_CoolCode/repository/message_db_repository.go:53.2,53.58 1 0
github.com/go-park-mail-ru/2019_2_CoolCode/repository/message_db_repository.go:40.16,43.3 1 0
github.com/go-park-mail-ru/2019_2_CoolCode/repository/message_db_repository.go:44.18,47.17 3 0
github.com/go-park-mail-ru/2019_2_CoolCode/repository/message_db_repository.go:51.3,51.58 1 0
github.com/go-park-mail-ru/2019_2_CoolCode/repository/message_db_repository.go:47.17,50.4 1 0
github.com/go-park-mail-ru/2019_2_CoolCode/repository/message_db_repository.go:56.69,58.16 2 0
github.com/go-park-mail-ru/2019_2_CoolCode/repository/message_db_repository.go:62.2,62.12 1 0
github.com/go-park-mail-ru/2019_2_CoolCode/repository/message_db_repository.go:58.16,61.3 1 0
github.com/go-park-mail-ru/2019_2_CoolCode/repository/message_db_repository.go:65.76,67.16 2 0
github.com/go-park-mail-ru/2019_2_CoolCode/repository/message_db_repository.go:71.2,71.12 1 0
github.com/go-park-mail-ru/2019_2_CoolCode/repository/message_db_repository.go:67.16,70.3 1 0
github.com/go-park-mail-ru/2019_2_CoolCode/repository/message_db_repository.go:74.76,76.16 2 0
github.com/go-park-mail-ru/2019_2_CoolCode/repository/message_db_repository.go:80.2,80.12 1 0
github.com/go-park-mail-ru/2019_2_CoolCode/repository/message_db_repository.go:76.16,79.3 1 0
github.com/go-park-mail-ru/2019_2_CoolCode/repository/message_db_repository.go:83.59,85.2 1 0
github.com/go-park-mail-ru/2019_2_CoolCode/delivery/users_handlers.go:27.131,34.2 1 0
github.com/go-park-mail-ru/2019_2_CoolCode/delivery/users_handlers.go:36.78,41.16 5 1
github.com/go-park-mail-ru/2019_2_CoolCode/delivery/users_handlers.go:47.2,48.16 2 1
github.com/go-park-mail-ru/2019_2_CoolCode/delivery/users_handlers.go:41.16,45.3 3 1
github.com/go-park-mail-ru/2019_2_CoolCode/delivery/users_handlers.go:48.16,51.3 2 1
github.com/go-park-mail-ru/2019_2_CoolCode/delivery/users_handlers.go:54.77,60.16 6 1
github.com/go-park-mail-ru/2019_2_CoolCode/delivery/users_handlers.go:66.2,67.16 2 1
github.com/go-park-mail-ru/2019_2_CoolCode/delivery/users_handlers.go:60.16,64.3 3 1
github.com/go-park-mail-ru/2019_2_CoolCode/delivery/users_handlers.go:67.16,70.3 2 1
github.com/go-park-mail-ru/2019_2_CoolCode/delivery/users_handlers.go:70.8,75.17 5 1
github.com/go-park-mail-ru/2019_2_CoolCode/delivery/users_handlers.go:79.3,81.17 3 1
github.com/go-park-mail-ru/2019_2_CoolCode/delivery/users_handlers.go:85.3,94.17 7 1
github.com/go-park-mail-ru/2019_2_CoolCode/delivery/users_handlers.go:98.3,98.9 1 1
github.com/go-park-mail-ru/2019_2_CoolCode/delivery/users_handlers.go:75.17,78.4 2 1
github.com/go-park-mail-ru/2019_2_CoolCode/delivery/users_handlers.go:81.17,84.4 2 0
github.com/go-park-mail-ru/2019_2_CoolCode/delivery/users_handlers.go:94.17,97.4 2 0
github.com/go-park-mail-ru/2019_2_CoolCode/delivery/users_handlers.go:103.81,107.16 3 1
github.com/go-park-mail-ru/2019_2_CoolCode/delivery/users_handlers.go:111.2,114.16 3 1
github.com/go-park-mail-ru/2019_2_CoolCode/delivery/users_handlers.go:118.2,120.16 2 0
github.com/go-park-mail-ru/2019_2_CoolCode/delivery/users_handlers.go:126.2,127.16 2 0
github.com/go-park-mail-ru/2019_2_CoolCode/delivery/users_handlers.go:131.2,134.41 1 0
github.com/go-park-mail-ru/2019_2_CoolCode/delivery/users_handlers.go:107.16,110.3 2 1
github.com/go-park-mail-ru/2019_2_CoolCode/delivery/users_handlers.go:114.16,117.3 2 1
github.com/go-park-mail-ru/2019_2_CoolCode/delivery/users_handlers.go:120.16,124.3 3 0
github.com/go-park-mail-ru/2019_2_CoolCode/delivery/users_handlers.go:127.16,130.3 2 0
github.com/go-park-mail-ru/2019_2_CoolCode/delivery/users_handlers.go:138.80,141.16 3 1
github.com/go-park-mail-ru/2019_2_CoolCode/delivery/users_handlers.go:145.2,155.16 8 0
github.com/go-park-mail-ru/2019_2_CoolCode/delivery/users_handlers.go:160.2,163.39 1 0
github.com/go-park-mail-ru/2019_2_CoolCode/delivery/users_handlers.go:141.16,144.3 2 1
github.com/go-park-mail-ru/2019_2_CoolCode/delivery/users_handlers.go:155.16,158.3 2 0
github.com/go-park-mail-ru/2019_2_CoolCode/delivery/users_handlers.go:167.79,174.15 5 1
github.com/go-park-mail-ru/2019_2_CoolCode/delivery/users_handlers.go:179.2,181.16 2 1
github.com/go-park-mail-ru/2019_2_CoolCode/delivery/users_handlers.go:185.2,187.16 3 1
github.com/go-park-mail-ru/2019_2_CoolCode/delivery/users_handlers.go:192.2,193.16 2 1
github.com/go-park-mail-ru/2019_2_CoolCode/delivery/users_handlers.go:174.15,177.3 2 1
github.com/go-park-mail-ru/2019_2_CoolCode/delivery/users_handlers.go:181.16,183.3 1 0
github.com/go-park-mail-ru/2019_2_CoolCode/delivery/users_handlers.go:187.16,190.3 2 0
github.com/go-park-mail-ru/2019_2_CoolCode/delivery/users_handlers.go:193.16,196.3 2 0
github.com/go-park-mail-ru/2019_2_CoolCode/delivery/users_handlers.go:199.88,203.16 3 1
github.com/go-park-mail-ru/2019_2_CoolCode/delivery/users_handlers.go:208.2,209.16 2 1
github.com/go-park-mail-ru/2019_2_CoolCode/delivery/users_handlers.go:214.2,215.16 2 1
github.com/go-park-mail-ru/2019_2_CoolCode/delivery/users_handlers.go:203.16,206.3 2 1
github.com/go-park-mail-ru/2019_2_CoolCode/delivery/users_handlers.go:209.16,212.3 2 0
github.com/go-park-mail-ru/2019_2_CoolCode/delivery/users_handlers.go:215.16,218.3 2 0
github.com/go-park-mail-ru/2019_2_CoolCode/delivery/users_handlers.go:222.83,228.16 4 1
github.com/go-park-mail-ru/2019_2_CoolCode/delivery/users_handlers.go:233.2,233.36 1 1
github.com/go-park-mail-ru/2019_2_CoolCode/delivery/users_handlers.go:240.2,243.16 4 1
github.com/go-park-mail-ru/2019_2_CoolCode/delivery/users_handlers.go:248.2,248.28 1 1
github.com/go-park-mail-ru/2019_2_CoolCode/delivery/users_handlers.go:255.2,257.16 2 1
github.com/go-park-mail-ru/2019_2_CoolCode/delivery/users_handlers.go:228.16,231.3 2 1
github.com/go-park-mail-ru/2019_2_CoolCode/delivery/users_handlers.go:233.36,238.3 3 1
github.com/go-park-mail-ru/2019_2_CoolCode/delivery/users_handlers.go:243.16,247.3 3 1
github.com/go-park-mail-ru/2019_2_CoolCode/delivery/users_handlers.go:248.28,253.3 3 1
github.com/go-park-mail-ru/2019_2_CoolCode/delivery/users_handlers.go:257.16,259.3 1 1
github.com/go-park-mail-ru/2019_2_CoolCode/delivery/users_handlers.go:262.78,265.16 3 1
github.com/go-park-mail-ru/2019_2_CoolCode/delivery/users_handlers.go:270.2,271.28 2 1
github.com/go-park-mail-ru/2019_2_CoolCode/delivery/users_handlers.go:265.16,269.3 1 1
github.com/go-park-mail-ru/2019_2_CoolCode/delivery/users_handlers.go:274.84,276.16 2 1
github.com/go-park-mail-ru/2019_2_CoolCode/delivery/users_handlers.go:279.2,280.16 2 1
github.com/go-park-mail-ru/2019_2_CoolCode/delivery/users_handlers.go:276.16,278.3 1 1
github.com/go-park-mail-ru/2019_2_CoolCode/delivery/users_handlers.go:280.16,282.3 1 1
github.com/go-park-mail-ru/2019_2_CoolCode/delivery/users_handlers.go:282.8,284.3 1 1
github.com/go-park-mail-ru/2019_2_CoolCode/delivery/users_handlers.go:287.81,292.16 4 1
github.com/go-park-mail-ru/2019_2_CoolCode/delivery/users_handlers.go:296.2,296.16 1 1
github.com/go-park-mail-ru/2019_2_CoolCode/delivery/users_handlers.go:300.2,301.16 2 1
github.com/go-park-mail-ru/2019_2_CoolCode/delivery/users_handlers.go:304.2,305.19 2 1
github.com/go-park-mail-ru/2019_2_CoolCode/delivery/users_handlers.go:292.16,295.3 2 1
github.com/go-park-mail-ru/2019_2_CoolCode/delivery/users_handlers.go:296.16,298.3 1 1
github.com/go-park-mail-ru/2019_2_CoolCode/delivery/users_handlers.go:301.16,303.3 1 1
github.com/go-park-mail-ru/2019_2_CoolCode/delivery/chats_handlers.go:23.70,30.2 1 0
github.com/go-park-mail-ru/2019_2_CoolCode/delivery/chats_handlers.go:32.73,35.16 2 1
github.com/go-park-mail-ru/2019_2_CoolCode/delivery/chats_handlers.go:39.2,42.16 4 1
github.com/go-park-mail-ru/2019_2_CoolCode/delivery/chats_handlers.go:46.2,47.16 2 1
github.com/go-park-mail-ru/2019_2_CoolCode/delivery/chats_handlers.go:52.2,54.16 3 1
github.com/go-park-mail-ru/2019_2_CoolCode/delivery/chats_handlers.go:58.2,62.30 3 1
github.com/go-park-mail-ru/2019_2_CoolCode/delivery/chats_handlers.go:35.16,38.3 2 1
github.com/go-park-mail-ru/2019_2_CoolCode/delivery/chats_handlers.go:42.16,45.3 2 1
github.com/go-park-mail-ru/2019_2_CoolCode/delivery/chats_handlers.go:47.16,50.3 2 1
github.com/go-park-mail-ru/2019_2_CoolCode/delivery/chats_handlers.go:54.16,57.3 2 1
github.com/go-park-mail-ru/2019_2_CoolCode/delivery/chats_handlers.go:65.79,69.16 4 1
github.com/go-park-mail-ru/2019_2_CoolCode/delivery/chats_handlers.go:75.2,75.37 1 1
github.com/go-park-mail-ru/2019_2_CoolCode/delivery/chats_handlers.go:81.2,82.16 2 1
github.com/go-park-mail-ru/2019_2_CoolCode/delivery/chats_handlers.go:86.2,87.16 2 1
github.com/go-park-mail-ru/2019_2_CoolCode/delivery/chats_handlers.go:91.2,93.28 3 1
github.com/go-park-mail-ru/2019_2_CoolCode/delivery/chats_handlers.go:69.16,74.3 2 1
github.com/go-park-mail-ru/2019_2_CoolCode/delivery/chats_handlers.go:75.37,80.3 2 1
github.com/go-park-mail-ru/2019_2_CoolCode/delivery/chats_handlers.go:82.16,85.3 2 1
github.com/go-park-mail-ru/2019_2_CoolCode/delivery/chats_handlers.go:87.16,90.3 2 1
github.com/go-park-mail-ru/2019_2_CoolCode/delivery/chats_handlers.go:96.76,99.16 3 1
github.com/go-park-mail-ru/2019_2_CoolCode/delivery/chats_handlers.go:103.2,104.16 2 1
github.com/go-park-mail-ru/2019_2_CoolCode/delivery/chats_handlers.go:108.2,109.28 2 1
github.com/go-park-mail-ru/2019_2_CoolCode/delivery/chats_handlers.go:99.16,102.3 2 1
github.com/go-park-mail-ru/2019_2_CoolCode/delivery/chats_handlers.go:104.16,107.3 2 1
github.com/go-park-mail-ru/2019_2_CoolCode/delivery/chats_handlers.go:112.75,117.16 3 1
github.com/go-park-mail-ru/2019_2_CoolCode/delivery/chats_handlers.go:121.2,122.16 2 1
github.com/go-park-mail-ru/2019_2_CoolCode/delivery/chats_handlers.go:117.16,120.3 2 1
github.com/go-park-mail-ru/2019_2_CoolCode/delivery/chats_handlers.go:122.16,125.3 2 1
github.com/go-park-mail-ru/2019_2_CoolCode/delivery/chats_handlers.go:128.76,132.16 3 1
github.com/go-park-mail-ru/2019_2_CoolCode/delivery/chats_handlers.go:136.2,143.16 8 1
github.com/go-park-mail-ru/2019_2_CoolCode/delivery/chats_handlers.go:149.2,150.16 2 1
github.com/go-park-mail-ru/2019_2_CoolCode/delivery/chats_handlers.go:154.2,158.30 3 1
github.com/go-park-mail-ru/2019_2_CoolCode/delivery/chats_handlers.go:132.16,135.3 2 1
github.com/go-park-mail-ru/2019_2_CoolCode/delivery/chats_handlers.go:143.16,147.3 2 0
github.com/go-park-mail-ru/2019_2_CoolCode/delivery/chats_handlers.go:150.16,153.3 2 1
github.com/go-park-mail-ru/2019_2_CoolCode/delivery/chats_handlers.go:161.79,164.16 3 1
github.com/go-park-mail-ru/2019_2_CoolCode/delivery/chats_handlers.go:168.2,169.16 2 1
github.com/go-park-mail-ru/2019_2_CoolCode/delivery/chats_handlers.go:173.2,174.31 2 1
github.com/go-park-mail-ru/2019_2_CoolCode/delivery/chats_handlers.go:164.16,167.3 2 1
github.com/go-park-mail-ru/2019_2_CoolCode/delivery/chats_handlers.go:169.16,172.3 2 1
github.com/go-park-mail-ru/2019_2_CoolCode/delivery/chats_handlers.go:177.76,180.16 2 1
github.com/go-park-mail-ru/2019_2_CoolCode/delivery/chats_handlers.go:184.2,187.16 4 1
github.com/go-park-mail-ru/2019_2_CoolCode/delivery/chats_handlers.go:193.2,194.16 2 1
github.com/go-park-mail-ru/2019_2_CoolCode/delivery/chats_handlers.go:198.2,198.30 1 1
github.com/go-park-mail-ru/2019_2_CoolCode/delivery/chats_handlers.go:180.16,183.3 2 1
github.com/go-park-mail-ru/2019_2_CoolCode/delivery/chats_handlers.go:187.16,191.3 2 1
github.com/go-park-mail-ru/2019_2_CoolCode/delivery/chats_handlers.go:194.16,197.3 2 1
github.com/go-park-mail-ru/2019_2_CoolCode/delivery/chats_handlers.go:201.78,204.16 3 1
github.com/go-park-mail-ru/2019_2_CoolCode/delivery/chats_handlers.go:208.2,209.16 2 1
github.com/go-park-mail-ru/2019_2_CoolCode/delivery/chats_handlers.go:204.16,207.3 2 1
github.com/go-park-mail-ru/2019_2_CoolCode/delivery/chats_handlers.go:209.16,212.3 2 1
github.com/go-park-mail-ru/2019_2_CoolCode/delivery/chats_handlers.go:215.78,217.16 2 1
github.com/go-park-mail-ru/2019_2_CoolCode/delivery/chats_handlers.go:221.2,227.16 7 1
github.com/go-park-mail-ru/2019_2_CoolCode/delivery/chats_handlers.go:233.2,234.16 2 1
github.com/go-park-mail-ru/2019_2_CoolCode/delivery/chats_handlers.go:238.2,240.16 3 1
github.com/go-park-mail-ru/2019_2_CoolCode/delivery/chats_handlers.go:244.2,245.30 2 1
github.com/go-park-mail-ru/2019_2_CoolCode/delivery/chats_handlers.go:217.16,220.3 2 1
github.com/go-park-mail-ru/2019_2_CoolCode/delivery/chats_handlers.go:227.16,231.3 2 1
github.com/go-park-mail-ru/2019_2_CoolCode/delivery/chats_handlers.go:234.16,237.3 2 1
github.com/go-park-mail-ru/2019_2_CoolCode/delivery/chats_handlers.go:240.16,243.3 2 0
github.com/go-park-mail-ru/2019_2_CoolCode/delivery/chats_handlers.go:248.81,251.16 3 1
github.com/go-park-mail-ru/2019_2_CoolCode/delivery/chats_handlers.go:255.2,256.16 2 1
github.com/go-park-mail-ru/2019_2_CoolCode/delivery/chats_handlers.go:260.2,261.33 2 1
github.com/go-park-mail-ru/2019_2_CoolCode/delivery/chats_handlers.go:251.16,254.3 2 1
github.com/go-park-mail-ru/2019_2_CoolCode/delivery/chats_handlers.go:256.16,259.3 2 1
github.com/go-park-mail-ru/2019_2_CoolCode/delivery/chats_handlers.go:264.78,266.16 2 1
github.com/go-park-mail-ru/2019_2_CoolCode/delivery/chats_handlers.go:270.2,273.16 4 1
github.com/go-park-mail-ru/2019_2_CoolCode/delivery/chats_handlers.go:279.2,280.16 2 1
github.com/go-park-mail-ru/2019_2_CoolCode/delivery/chats_handlers.go:284.2,284.30 1 1
github.com/go-park-mail-ru/2019_2_CoolCode/delivery/chats_handlers.go:266.16,269.3 2 1
github.com/go-park-mail-ru/2019_2_CoolCode/delivery/chats_handlers.go:273.16,277.3 2 1
github.com/go-park-mail-ru/2019_2_CoolCode/delivery/chats_handlers.go:280.16,283.3 2 1
github.com/go-park-mail-ru/2019_2_CoolCode/delivery/chats_handlers.go:287.80,290.16 3 1
github.com/go-park-mail-ru/2019_2_CoolCode/delivery/chats_handlers.go:294.2,295.16 2 1
github.com/go-park-mail-ru/2019_2_CoolCode/delivery/chats_handlers.go:290.16,293.3 2 1
github.com/go-park-mail-ru/2019_2_CoolCode/delivery/chats_handlers.go:295.16,297.3 1 1
github.com/go-park-mail-ru/2019_2_CoolCode/delivery/chats_handlers.go:300.73,303.16 3 1
github.com/go-park-mail-ru/2019_2_CoolCode/delivery/chats_handlers.go:306.2,307.16 2 1
github.com/go-park-mail-ru/2019_2_CoolCode/delivery/chats_handlers.go:303.16,305.3 1 1
github.com/go-park-mail-ru/2019_2_CoolCode/delivery/chats_handlers.go:307.16,309.3 1 1
github.com/go-park-mail-ru/2019_2_CoolCode/delivery/chats_handlers.go:309.8,311.3 1 1
github.com/go-park-mail-ru/2019_2_CoolCode/delivery/messages_handlers.go:30.141,38.2 1 0
github.com/go-park-mail-ru/2019_2_CoolCode/delivery/messages_handlers.go:40.83,42.16 2 1
github.com/go-park-mail-ru/2019_2_CoolCode/delivery/messages_handlers.go:45.2,46.16 2 1
github.com/go-park-mail-ru/2019_2_CoolCode/delivery/messages_handlers.go:50.2,51.16 2 1
github.com/go-park-mail-ru/2019_2_CoolCode/delivery/messages_handlers.go:55.2,58.16 4 1
github.com/go-park-mail-ru/2019_2_CoolCode/delivery/messages_handlers.go:62.2,66.16 3 1
github.com/go-park-mail-ru/2019_2_CoolCode/delivery/messages_handlers.go:71.2,77.16 4 1
github.com/go-park-mail-ru/2019_2_CoolCode/delivery/messages_handlers.go:80.2,81.16 2 1
github.com/go-park-mail-ru/2019_2_CoolCode/delivery/messages_handlers.go:42.16,44.3 1 1
github.com/go-park-mail-ru/2019_2_CoolCode/delivery/messages_handlers.go:46.16,49.3 2 1
github.com/go-park-mail-ru/2019_2_CoolCode/delivery/messages_handlers.go:51.16,54.3 2 1
github.com/go-park-mail-ru/2019_2_CoolCode/delivery/messages_handlers.go:58.16,61.3 2 1
github.com/go-park-mail-ru/2019_2_CoolCode/delivery/messages_handlers.go:66.16,68.3 1 0
github.com/go-park-mail-ru/2019_2_CoolCode/delivery/messages_handlers.go:77.16,79.3 1 0
github.com/go-park-mail-ru/2019_2_CoolCode/delivery/messages_handlers.go:81.16,83.3 1 1
github.com/go-park-mail-ru/2019_2_CoolCode/delivery/messages_handlers.go:87.83,89.16 2 1
github.com/go-park-mail-ru/2019_2_CoolCode/delivery/messages_handlers.go:92.2,93.16 2 1
github.com/go-park-mail-ru/2019_2_CoolCode/delivery/messages_handlers.go:97.2,99.16 2 1
github.com/go-park-mail-ru/2019_2_CoolCode/delivery/messages_handlers.go:103.2,106.16 3 1
github.com/go-park-mail-ru/2019_2_CoolCode/delivery/messages_handlers.go:89.16,91.3 1 1
github.com/go-park-mail-ru/2019_2_CoolCode/delivery/messages_handlers.go:93.16,96.3 2 1
github.com/go-park-mail-ru/2019_2_CoolCode/delivery/messages_handlers.go:99.16,102.3 2 1
github.com/go-park-mail-ru/2019_2_CoolCode/delivery/messages_handlers.go:106.16,108.3 1 1
github.com/go-park-mail-ru/2019_2_CoolCode/delivery/messages_handlers.go:111.91,113.16 2 1
github.com/go-park-mail-ru/2019_2_CoolCode/delivery/messages_handlers.go:116.2,117.16 2 1
github.com/go-park-mail-ru/2019_2_CoolCode/delivery/messages_handlers.go:121.2,122.16 2 1
github.com/go-park-mail-ru/2019_2_CoolCode/delivery/messages_handlers.go:126.2,127.16 2 1
github.com/go-park-mail-ru/2019_2_CoolCode/delivery/messages_handlers.go:130.2,131.16 2 1
github.com/go-park-mail-ru/2019_2_CoolCode/delivery/messages_handlers.go:113.16,115.3 1 1
github.com/go-park-mail-ru/2019_2_CoolCode/delivery/messages_handlers.go:117.16,120.3 2 1
github.com/go-park-mail-ru/2019_2_CoolCode/delivery/messages_handlers.go:122.16,125.3 2 1
github.com/go-park-mail-ru/2019_2_CoolCode/delivery/messages_handlers.go:127.16,129.3 1 0
github.com/go-park-mail-ru/2019_2_CoolCode/delivery/messages_handlers.go:131.16,133.3 1 0
github.com/go-park-mail-ru/2019_2_CoolCode/delivery/messages_handlers.go:136.85,138.16 2 0
github.com/go-park-mail-ru/2019_2_CoolCode/delivery/messages_handlers.go:141.2,142.16 2 0
github.com/go-park-mail-ru/2019_2_CoolCode/delivery/messages_handlers.go:147.2,148.29 2 0
github.com/go-park-mail-ru/2019_2_CoolCode/delivery/messages_handlers.go:154.2,154.16 1 0
github.com/go-park-mail-ru/2019_2_CoolCode/delivery/messages_handlers.go:138.16,140.3 1 0
github.com/go-park-mail-ru/2019_2_CoolCode/delivery/messages_handlers.go:142.16,145.3 2 0
github.com/go-park-mail-ru/2019_2_CoolCode/delivery/messages_handlers.go:148.29,150.3 1 0
github.com/go-park-mail-ru/2019_2_CoolCode/delivery/messages_handlers.go:150.8,152.3 1 0
github.com/go-park-mail-ru/2019_2_CoolCode/delivery/messages_handlers.go:154.16,156.3 1 0
github.com/go-park-mail-ru/2019_2_CoolCode/delivery/messages_handlers.go:159.81,162.16 3 1
github.com/go-park-mail-ru/2019_2_CoolCode/delivery/messages_handlers.go:165.2,166.16 2 1
github.com/go-park-mail-ru/2019_2_CoolCode/delivery/messages_handlers.go:162.16,164.3 1 1
github.com/go-park-mail-ru/2019_2_CoolCode/delivery/messages_handlers.go:166.16,168.3 1 1
github.com/go-park-mail-ru/2019_2_CoolCode/delivery/messages_handlers.go:168.8,170.3 1 1
github.com/go-park-mail-ru/2019_2_CoolCode/delivery/messages_handlers.go:173.61,178.2 4 1
github.com/go-park-mail-ru/2019_2_CoolCode/delivery/notification_handlers.go:23.121,31.2 1 0
github.com/go-park-mail-ru/2019_2_CoolCode/delivery/notification_handlers.go:34.42,36.3 1 0
github.com/go-park-mail-ru/2019_2_CoolCode/delivery/notification_handlers.go:39.94,41.16 2 0
github.com/go-park-mail-ru/2019_2_CoolCode/delivery/notification_handlers.go:45.2,48.16 3 0
github.com/go-park-mail-ru/2019_2_CoolCode/delivery/notification_handlers.go:52.2,53.16 2 0
github.com/go-park-mail-ru/2019_2_CoolCode/delivery/notification_handlers.go:58.2,59.16 2 0
github.com/go-park-mail-ru/2019_2_CoolCode/delivery/notification_handlers.go:63.2,63.9 1 0
github.com/go-park-mail-ru/2019_2_CoolCode/delivery/notification_handlers.go:69.2,74.6 4 0
github.com/go-park-mail-ru/2019_2_CoolCode/delivery/notification_handlers.go:41.16,44.3 2 0
github.com/go-park-mail-ru/2019_2_CoolCode/delivery/notification_handlers.go:48.16,50.3 1 0
github.com/go-park-mail-ru/2019_2_CoolCode/delivery/notification_handlers.go:53.16,56.3 2 0
github.com/go-park-mail-ru/2019_2_CoolCode/delivery/notification_handlers.go:59.16,62.3 2 0
github.com/go-park-mail-ru/2019_2_CoolCode/delivery/notification_handlers.go:63.9,67.3 2 0
github.com/go-park-mail-ru/2019_2_CoolCode/delivery/notification_handlers.go:74.6,79.17 3 0
github.com/go-park-mail-ru/2019_2_CoolCode/delivery/notification_handlers.go:83.3,83.25 1 0
github.com/go-park-mail-ru/2019_2_CoolCode/delivery/notification_handlers.go:79.17,82.4 2 0
github.com/go-park-mail-ru/2019_2_CoolCode/delivery/notification_handlers.go:88.80,90.16 2 0
github.com/go-park-mail-ru/2019_2_CoolCode/delivery/notification_handlers.go:90.16,92.3 1 0
github.com/go-park-mail-ru/2019_2_CoolCode/delivery/notification_handlers.go:92.8,94.3 1 0
github.com/go-park-mail-ru/2019_2_CoolCode/useCase/messages_usecase.go:24.101,29.2 1 0
github.com/go-park-mail-ru/2019_2_CoolCode/useCase/messages_usecase.go:31.101,33.16 2 1
github.com/go-park-mail-ru/2019_2_CoolCode/useCase/messages_usecase.go:36.2,36.19 1 1
github.com/go-park-mail-ru/2019_2_CoolCode/useCase/messages_usecase.go:40.2,40.49 1 1
github.com/go-park-mail-ru/2019_2_CoolCode/useCase/messages_usecase.go:33.16,35.3 1 1
github.com/go-park-mail-ru/2019_2_CoolCode/useCase/messages_usecase.go:36.19,38.3 1 1
github.com/go-park-mail-ru/2019_2_CoolCode/useCase/messages_usecase.go:43.88,44.23 1 0
github.com/go-park-mail-ru/2019_2_CoolCode/useCase/messages_usecase.go:47.83,49.16 2 1
github.com/go-park-mail-ru/2019_2_CoolCode/useCase/messages_usecase.go:52.2,52.19 1 1
github.com/go-park-mail-ru/2019_2_CoolCode/useCase/messages_usecase.go:55.2,55.41 1 1
github.com/go-park-mail-ru/2019_2_CoolCode/useCase/messages_usecase.go:49.16,51.3 1 1
github.com/go-park-mail-ru/2019_2_CoolCode/useCase/messages_usecase.go:52.19,54.3 1 1
github.com/go-park-mail-ru/2019_2_CoolCode/useCase/messages_usecase.go:58.88,60.16 2 1
github.com/go-park-mail-ru/2019_2_CoolCode/useCase/messages_usecase.go:63.2,63.34 1 0
github.com/go-park-mail-ru/2019_2_CoolCode/useCase/messages_usecase.go:66.2,66.44 1 0
github.com/go-park-mail-ru/2019_2_CoolCode/useCase/messages_usecase.go:60.16,62.3 1 1
github.com/go-park-mail-ru/2019_2_CoolCode/useCase/messages_usecase.go:63.34,65.3 1 0
github.com/go-park-mail-ru/2019_2_CoolCode/useCase/messages_usecase.go:69.83,71.16 2 1
github.com/go-park-mail-ru/2019_2_CoolCode/useCase/messages_usecase.go:74.2,74.32 1 1
github.com/go-park-mail-ru/2019_2_CoolCode/useCase/messages_usecase.go:77.2,77.46 1 1
github.com/go-park-mail-ru/2019_2_CoolCode/useCase/messages_usecase.go:71.16,73.3 1 1
github.com/go-park-mail-ru/2019_2_CoolCode/useCase/messages_usecase.go:74.32,76.3 1 1
github.com/go-park-mail-ru/2019_2_CoolCode/useCase/messages_usecase.go:80.90,82.16 2 1
github.com/go-park-mail-ru/2019_2_CoolCode/useCase/messages_usecase.go:85.2,85.32 1 1
github.com/go-park-mail-ru/2019_2_CoolCode/useCase/messages_usecase.go:88.2,88.53 1 1
github.com/go-park-mail-ru/2019_2_CoolCode/useCase/messages_usecase.go:82.16,84.3 1 1
github.com/go-park-mail-ru/2019_2_CoolCode/useCase/messages_usecase.go:85.32,87.3 1 1
github.com/go-park-mail-ru/2019_2_CoolCode/useCase/notification_usecase.go:18.51,20.2 1 0
github.com/go-park-mail-ru/2019_2_CoolCode/useCase/notification_usecase.go:22.85,24.2 1 0
github.com/go-park-mail-ru/2019_2_CoolCode/useCase/notification_usecase.go:26.84,30.2 3 0
github.com/go-park-mail-ru/2019_2_CoolCode/useCase/users_ucase.go:26.74,28.16 2 1
github.com/go-park-mail-ru/2019_2_CoolCode/useCase/users_ucase.go:33.2,33.57 1 1
github.com/go-park-mail-ru/2019_2_CoolCode/useCase/users_ucase.go:28.16,31.3 2 1
github.com/go-park-mail-ru/2019_2_CoolCode/useCase/users_ucase.go:33.57,35.3 1 1
github.com/go-park-mail-ru/2019_2_CoolCode/useCase/users_ucase.go:35.8,38.3 2 1
github.com/go-park-mail-ru/2019_2_CoolCode/useCase/users_ucase.go:42.60,46.2 1 0
github.com/go-park-mail-ru/2019_2_CoolCode/useCase/users_ucase.go:48.68,50.16 2 1
github.com/go-park-mail-ru/2019_2_CoolCode/useCase/users_ucase.go:53.2,53.20 1 1
github.com/go-park-mail-ru/2019_2_CoolCode/useCase/users_ucase.go:56.2,56.18 1 1
github.com/go-park-mail-ru/2019_2_CoolCode/useCase/users_ucase.go:50.16,52.3 1 1
github.com/go-park-mail-ru/2019_2_CoolCode/useCase/users_ucase.go:53.20,55.3 1 1
github.com/go-park-mail-ru/2019_2_CoolCode/useCase/users_ucase.go:59.74,61.2 1 1
github.com/go-park-mail-ru/2019_2_CoolCode/useCase/users_ucase.go:63.59,64.37 1 1
github.com/go-park-mail-ru/2019_2_CoolCode/useCase/users_ucase.go:78.2,78.12 1 1
github.com/go-park-mail-ru/2019_2_CoolCode/useCase/users_ucase.go:64.37,67.3 2 1
github.com/go-park-mail-ru/2019_2_CoolCode/useCase/users_ucase.go:67.8,68.25 1 1
github.com/go-park-mail-ru/2019_2_CoolCode/useCase/users_ucase.go:71.3,73.17 3 1
github.com/go-park-mail-ru/2019_2_CoolCode/useCase/users_ucase.go:68.25,70.4 1 1
github.com/go-park-mail-ru/2019_2_CoolCode/useCase/users_ucase.go:73.17,76.4 2 1
github.com/go-park-mail-ru/2019_2_CoolCode/useCase/users_ucase.go:81.60,82.35 1 1
github.com/go-park-mail-ru/2019_2_CoolCode/useCase/users_ucase.go:103.2,103.12 1 1
github.com/go-park-mail-ru/2019_2_CoolCode/useCase/users_ucase.go:82.35,84.3 1 1
github.com/go-park-mail-ru/2019_2_CoolCode/useCase/users_ucase.go:84.8,86.17 2 1
github.com/go-park-mail-ru/2019_2_CoolCode/useCase/users_ucase.go:90.3,90.46 1 1
github.com/go-park-mail-ru/2019_2_CoolCode/useCase/users_ucase.go:94.3,94.26 1 1
github.com/go-park-mail-ru/2019_2_CoolCode/useCase/users_ucase.go:97.3,98.17 2 1
github.com/go-park-mail-ru/2019_2_CoolCode/useCase/users_ucase.go:86.17,89.4 2 1
github.com/go-park-mail-ru/2019_2_CoolCode/useCase/users_ucase.go:90.46,92.4 1 1
github.com/go-park-mail-ru/2019_2_CoolCode/useCase/users_ucase.go:94.26,96.4 1 1
github.com/go-park-mail-ru/2019_2_CoolCode/useCase/users_ucase.go:98.17,101.4 2 1
github.com/go-park-mail-ru/2019_2_CoolCode/useCase/users_ucase.go:106.73,109.16 3 1
github.com/go-park-mail-ru/2019_2_CoolCode/useCase/users_ucase.go:112.2,112.39 1 1
github.com/go-park-mail-ru/2019_2_CoolCode/useCase/users_ucase.go:118.2,118.20 1 1
github.com/go-park-mail-ru/2019_2_CoolCode/useCase/users_ucase.go:109.16,111.3 1 1
github.com/go-park-mail-ru/2019_2_CoolCode/useCase/users_ucase.go:112.39,113.49 1 0
github.com/go-park-mail-ru/2019_2_CoolCode/useCase/users_ucase.go:113.49,116.4 2 0
github.com/go-park-mail-ru/2019_2_CoolCode/useCase/users_ucase.go:121.53,123.2 1 1
github.com/go-park-mail-ru/2019_2_CoolCode/useCase/users_ucase.go:125.73,128.16 3 1
github.com/go-park-mail-ru/2019_2_CoolCode/useCase/users_ucase.go:133.2,133.13 1 1
github.com/go-park-mail-ru/2019_2_CoolCode/useCase/users_ucase.go:128.16,131.3 2 1
github.com/go-park-mail-ru/2019_2_CoolCode/useCase/users_ucase.go:136.37,138.16 2 1
github.com/go-park-mail-ru/2019_2_CoolCode/useCase/users_ucase.go:141.2,141.21 1 1
github.com/go-park-mail-ru/2019_2_CoolCode/useCase/users_ucase.go:138.16,140.3 1 0
github.com/go-park-mail-ru/2019_2_CoolCode/useCase/chats_ucase.go:35.71,37.2 1 0
github.com/go-park-mail-ru/2019_2_CoolCode/useCase/chats_ucase.go:39.87,41.16 2 1
github.com/go-park-mail-ru/2019_2_CoolCode/useCase/chats_ucase.go:44.2,44.37 1 1
github.com/go-park-mail-ru/2019_2_CoolCode/useCase/chats_ucase.go:47.2,47.18 1 1
github.com/go-park-mail-ru/2019_2_CoolCode/useCase/chats_ucase.go:41.16,43.3 1 1
github.com/go-park-mail-ru/2019_2_CoolCode/useCase/chats_ucase.go:44.37,46.3 1 1
github.com/go-park-mail-ru/2019_2_CoolCode/useCase/chats_ucase.go:50.79,53.16 3 1
github.com/go-park-mail-ru/2019_2_CoolCode/useCase/chats_ucase.go:56.2,56.29 1 1
github.com/go-park-mail-ru/2019_2_CoolCode/useCase/chats_ucase.go:61.2,61.23 1 1
github.com/go-park-mail-ru/2019_2_CoolCode/useCase/chats_ucase.go:53.16,55.3 1 1
github.com/go-park-mail-ru/2019_2_CoolCode/useCase/chats_ucase.go:56.29,57.33 1 1
github.com/go-park-mail-ru/2019_2_CoolCode/useCase/chats_ucase.go:57.33,59.4 1 1
github.com/go-park-mail-ru/2019_2_CoolCode/useCase/chats_ucase.go:64.75,66.16 2 1
github.com/go-park-mail-ru/2019_2_CoolCode/useCase/chats_ucase.go:69.2,69.9 1 1
github.com/go-park-mail-ru/2019_2_CoolCode/useCase/chats_ucase.go:72.2,73.12 2 1
github.com/go-park-mail-ru/2019_2_CoolCode/useCase/chats_ucase.go:66.16,68.3 1 1
github.com/go-park-mail-ru/2019_2_CoolCode/useCase/chats_ucase.go:69.9,71.3 1 0
github.com/go-park-mail-ru/2019_2_CoolCode/useCase/chats_ucase.go:76.89,78.2 1 0
github.com/go-park-mail-ru/2019_2_CoolCode/useCase/chats_ucase.go:80.97,82.16 2 1
github.com/go-park-mail-ru/2019_2_CoolCode/useCase/chats_ucase.go:85.2,85.42 1 1
github.com/go-park-mail-ru/2019_2_CoolCode/useCase/chats_ucase.go:88.2,88.23 1 1
github.com/go-park-mail-ru/2019_2_CoolCode/useCase/chats_ucase.go:82.16,84.3 1 1
github.com/go-park-mail-ru/2019_2_CoolCode/useCase/chats_ucase.go:85.42,87.3 1 1
github.com/go-park-mail-ru/2019_2_CoolCode/useCase/chats_ucase.go:91.89,94.16 3 1
github.com/go-park-mail-ru/2019_2_CoolCode/useCase/chats_ucase.go:97.2,97.39 1 1
github.com/go-park-mail-ru/2019_2_CoolCode/useCase/chats_ucase.go:102.2,102.28 1 1
github.com/go-park-mail-ru/2019_2_CoolCode/useCase/chats_ucase.go:94.16,96.3 1 1
github.com/go-park-mail-ru/2019_2_CoolCode/useCase/chats_ucase.go:97.39,98.38 1 1
github.com/go-park-mail-ru/2019_2_CoolCode/useCase/chats_ucase.go:98.38,100.4 1 1
github.com/go-park-mail-ru/2019_2_CoolCode/useCase/chats_ucase.go:105.92,107.16 2 1
github.com/go-park-mail-ru/2019_2_CoolCode/useCase/chats_ucase.go:110.2,110.45 1 1
github.com/go-park-mail-ru/2019_2_CoolCode/useCase/chats_ucase.go:113.2,115.48 3 1
github.com/go-park-mail-ru/2019_2_CoolCode/useCase/chats_ucase.go:107.16,109.3 1 1
github.com/go-park-mail-ru/2019_2_CoolCode/useCase/chats_ucase.go:110.45,112.3 1 1
github.com/go-park-mail-ru/2019_2_CoolCode/useCase/chats_ucase.go:119.85,121.16 2 1
github.com/go-park-mail-ru/2019_2_CoolCode/useCase/chats_ucase.go:124.2,124.34 1 1
github.com/go-park-mail-ru/2019_2_CoolCode/useCase/chats_ucase.go:127.2,128.12 2 1
github.com/go-park-mail-ru/2019_2_CoolCode/useCase/chats_ucase.go:121.16,123.3 1 1
github.com/go-park-mail-ru/2019_2_CoolCode/useCase/chats_ucase.go:124.34,126.3 1 1
github.com/go-park-mail-ru/2019_2_CoolCode/useCase/chats_ucase.go:132.89,134.16 2 1
github.com/go-park-mail-ru/2019_2_CoolCode/useCase/chats_ucase.go:137.2,137.46 1 1
github.com/go-park-mail-ru/2019_2_CoolCode/useCase/chats_ucase.go:140.2,141.53 2 1
github.com/go-park-mail-ru/2019_2_CoolCode/useCase/chats_ucase.go:134.16,136.3 1 1
github.com/go-park-mail-ru/2019_2_CoolCode/useCase/chats_ucase.go:137.46,139.3 1 1
github.com/go-park-mail-ru/2019_2_CoolCode/useCase/chats_ucase.go:145.83,147.16 2 1
github.com/go-park-mail-ru/2019_2_CoolCode/useCase/chats_ucase.go:150.2,150.52 1 1
github.com/go-park-mail-ru/2019_2_CoolCode/useCase/chats_ucase.go:153.2,153.41 1 1
github.com/go-park-mail-ru/2019_2_CoolCode/useCase/chats_ucase.go:147.16,149.3 1 1
github.com/go-park-mail-ru/2019_2_CoolCode/useCase/chats_ucase.go:150.52,152.3 1 1
github.com/go-park-mail-ru/2019_2_CoolCode/useCase/chats_ucase.go:157.86,159.16 2 1
github.com/go-park-mail-ru/2019_2_CoolCode/useCase/chats_ucase.go:162.2,162.40 1 1
github.com/go-park-mail-ru/2019_2_CoolCode/useCase/chats_ucase.go:165.2,165.21 1 1
github.com/go-park-mail-ru/2019_2_CoolCode/useCase/chats_ucase.go:159.16,161.3 1 1
github.com/go-park-mail-ru/2019_2_CoolCode/useCase/chats_ucase.go:162.40,164.3 1 1
github.com/go-park-mail-ru/2019_2_CoolCode/useCase/chats_ucase.go:168.86,170.16 2 1
github.com/go-park-mail-ru/2019_2_CoolCode/useCase/chats_ucase.go:173.2,173.43 1 1
github.com/go-park-mail-ru/2019_2_CoolCode/useCase/chats_ucase.go:176.2,178.44 3 1
github.com/go-park-mail-ru/2019_2_CoolCode/useCase/chats_ucase.go:170.16,172.3 1 1
github.com/go-park-mail-ru/2019_2_CoolCode/useCase/chats_ucase.go:173.43,175.3 1 1
github.com/go-park-mail-ru/2019_2_CoolCode/useCase/chats_ucase.go:182.85,184.16 2 1
github.com/go-park-mail-ru/2019_2_CoolCode/useCase/chats_ucase.go:187.2,187.44 1 1
github.com/go-park-mail-ru/2019_2_CoolCode/useCase/chats_ucase.go:190.2,191.49 2 1
github.com/go-park-mail-ru/2019_2_CoolCode/useCase/chats_ucase.go:184.16,186.3 1 1
github.com/go-park-mail-ru/2019_2_CoolCode/useCase/chats_ucase.go:187.44,189.3 1 1
github.com/go-park-mail-ru/2019_2_CoolCode/useCase/chats_ucase.go:195.81,197.16 2 1
github.com/go-park-mail-ru/2019_2_CoolCode/useCase/chats_ucase.go:200.2,200.38 1 1
github.com/go-park-mail-ru/2019_2_CoolCode/useCase/chats_ucase.go:203.2,204.12 2 1
github.com/go-park-mail-ru/2019_2_CoolCode/useCase/chats_ucase.go:197.16,199.3 1 1
github.com/go-park-mail-ru/2019_2_CoolCode/useCase/chats_ucase.go:200.38,202.3 1 1
github.com/go-park-mail-ru/2019_2_CoolCode/useCase/chats_ucase.go:208.92,211.2 2 1
github.com/go-park-mail-ru/2019_2_CoolCode/useCase/chats_ucase.go:213.61,215.2 1 0
github.com/go-park-mail-ru/2019_2_CoolCode/useCase/chats_ucase.go:217.68,221.2 1 0
github.com/go-park-mail-ru/2019_2_CoolCode/useCase/chats_ucase.go:223.42,224.22 1 1
github.com/go-park-mail-ru/2019_2_CoolCode/useCase/chats_ucase.go:229.2,229.14 1 1
github.com/go-park-mail-ru/2019_2_CoolCode/useCase/chats_ucase.go:224.22,225.13 1 1
github.com/go-park-mail-ru/2019_2_CoolCode/useCase/chats_ucase.go:225.13,227.4 1 1
github.com/go-park-mail-ru/2019_2_CoolCode/useCase/chats_ucase.go:232.51,234.25 2 1
github.com/go-park-mail-ru/2019_2_CoolCode/useCase/chats_ucase.go:239.2,239.42 1 1
github.com/go-park-mail-ru/2019_2_CoolCode/useCase/chats_ucase.go:234.25,235.16 1 1
github.com/go-park-mail-ru/2019_2_CoolCode/useCase/chats_ucase.go:235.16,237.4 1 1
