mode: set
github.com/go-park-mail-ru/2019_2_CoolCode/useCase/chats_ucase.go:35.71,37.2 1 0
github.com/go-park-mail-ru/2019_2_CoolCode/useCase/chats_ucase.go:39.87,41.16 2 1
github.com/go-park-mail-ru/2019_2_CoolCode/useCase/chats_ucase.go:44.2,44.37 1 1
github.com/go-park-mail-ru/2019_2_CoolCode/useCase/chats_ucase.go:47.2,47.18 1 1
github.com/go-park-mail-ru/2019_2_CoolCode/useCase/chats_ucase.go:41.16,43.3 1 1
github.com/go-park-mail-ru/2019_2_CoolCode/useCase/chats_ucase.go:44.37,46.3 1 1
github.com/go-park-mail-ru/2019_2_CoolCode/useCase/chats_ucase.go:50.79,53.16 3 1
github.com/go-park-mail-ru/2019_2_CoolCode/useCase/chats_ucase.go:56.2,56.29 1 1
github.com/go-park-mail-ru/2019_2_CoolCode/useCase/chats_ucase.go:61.2,61.23 1 1
github.com/go-park-mail-ru/2019_2_CoolCode/useCase/chats_ucase.go:53.16,55.3 1 1
github.com/go-park-mail-ru/2019_2_CoolCode/useCase/chats_ucase.go:56.29,57.33 1 1
github.com/go-park-mail-ru/2019_2_CoolCode/useCase/chats_ucase.go:57.33,59.4 1 1
github.com/go-park-mail-ru/2019_2_CoolCode/useCase/chats_ucase.go:64.75,66.16 2 1
github.com/go-park-mail-ru/2019_2_CoolCode/useCase/chats_ucase.go:69.2,69.9 1 1
github.com/go-park-mail-ru/2019_2_CoolCode/useCase/chats_ucase.go:72.2,72.40 1 1
github.com/go-park-mail-ru/2019_2_CoolCode/useCase/chats_ucase.go:66.16,68.3 1 1
github.com/go-park-mail-ru/2019_2_CoolCode/useCase/chats_ucase.go:69.9,71.3 1 0
github.com/go-park-mail-ru/2019_2_CoolCode/useCase/chats_ucase.go:75.89,77.2 1 0
github.com/go-park-mail-ru/2019_2_CoolCode/useCase/chats_ucase.go:79.97,81.16 2 1
github.com/go-park-mail-ru/2019_2_CoolCode/useCase/chats_ucase.go:84.2,84.42 1 1
github.com/go-park-mail-ru/2019_2_CoolCode/useCase/chats_ucase.go:87.2,87.23 1 1
github.com/go-park-mail-ru/2019_2_CoolCode/useCase/chats_ucase.go:81.16,83.3 1 1
github.com/go-park-mail-ru/2019_2_CoolCode/useCase/chats_ucase.go:84.42,86.3 1 1
github.com/go-park-mail-ru/2019_2_CoolCode/useCase/chats_ucase.go:90.89,93.16 3 1
github.com/go-park-mail-ru/2019_2_CoolCode/useCase/chats_ucase.go:96.2,96.39 1 1
github.com/go-park-mail-ru/2019_2_CoolCode/useCase/chats_ucase.go:101.2,101.28 1 1
github.com/go-park-mail-ru/2019_2_CoolCode/useCase/chats_ucase.go:93.16,95.3 1 1
github.com/go-park-mail-ru/2019_2_CoolCode/useCase/chats_ucase.go:96.39,97.38 1 1
github.com/go-park-mail-ru/2019_2_CoolCode/useCase/chats_ucase.go:97.38,99.4 1 1
github.com/go-park-mail-ru/2019_2_CoolCode/useCase/chats_ucase.go:104.92,106.16 2 1
github.com/go-park-mail-ru/2019_2_CoolCode/useCase/chats_ucase.go:109.2,109.45 1 1
github.com/go-park-mail-ru/2019_2_CoolCode/useCase/chats_ucase.go:112.2,114.48 3 1
github.com/go-park-mail-ru/2019_2_CoolCode/useCase/chats_ucase.go:106.16,108.3 1 1
github.com/go-park-mail-ru/2019_2_CoolCode/useCase/chats_ucase.go:109.45,111.3 1 1
github.com/go-park-mail-ru/2019_2_CoolCode/useCase/chats_ucase.go:118.85,120.16 2 1
github.com/go-park-mail-ru/2019_2_CoolCode/useCase/chats_ucase.go:123.2,123.34 1 1
github.com/go-park-mail-ru/2019_2_CoolCode/useCase/chats_ucase.go:126.2,126.50 1 1
github.com/go-park-mail-ru/2019_2_CoolCode/useCase/chats_ucase.go:120.16,122.3 1 1
github.com/go-park-mail-ru/2019_2_CoolCode/useCase/chats_ucase.go:123.34,125.3 1 1
github.com/go-park-mail-ru/2019_2_CoolCode/useCase/chats_ucase.go:130.89,132.16 2 1
github.com/go-park-mail-ru/2019_2_CoolCode/useCase/chats_ucase.go:135.2,135.46 1 1
github.com/go-park-mail-ru/2019_2_CoolCode/useCase/chats_ucase.go:138.2,139.53 2 1
github.com/go-park-mail-ru/2019_2_CoolCode/useCase/chats_ucase.go:132.16,134.3 1 1
github.com/go-park-mail-ru/2019_2_CoolCode/useCase/chats_ucase.go:135.46,137.3 1 1
github.com/go-park-mail-ru/2019_2_CoolCode/useCase/chats_ucase.go:143.83,145.16 2 1
github.com/go-park-mail-ru/2019_2_CoolCode/useCase/chats_ucase.go:148.2,148.52 1 1
github.com/go-park-mail-ru/2019_2_CoolCode/useCase/chats_ucase.go:151.2,151.41 1 1
github.com/go-park-mail-ru/2019_2_CoolCode/useCase/chats_ucase.go:145.16,147.3 1 1
github.com/go-park-mail-ru/2019_2_CoolCode/useCase/chats_ucase.go:148.52,150.3 1 1
github.com/go-park-mail-ru/2019_2_CoolCode/useCase/chats_ucase.go:155.86,157.16 2 1
github.com/go-park-mail-ru/2019_2_CoolCode/useCase/chats_ucase.go:160.2,160.40 1 1
github.com/go-park-mail-ru/2019_2_CoolCode/useCase/chats_ucase.go:163.2,163.21 1 1
github.com/go-park-mail-ru/2019_2_CoolCode/useCase/chats_ucase.go:157.16,159.3 1 1
github.com/go-park-mail-ru/2019_2_CoolCode/useCase/chats_ucase.go:160.40,162.3 1 1
github.com/go-park-mail-ru/2019_2_CoolCode/useCase/chats_ucase.go:166.86,168.16 2 1
github.com/go-park-mail-ru/2019_2_CoolCode/useCase/chats_ucase.go:171.2,171.43 1 1
github.com/go-park-mail-ru/2019_2_CoolCode/useCase/chats_ucase.go:174.2,176.44 3 1
github.com/go-park-mail-ru/2019_2_CoolCode/useCase/chats_ucase.go:168.16,170.3 1 1
github.com/go-park-mail-ru/2019_2_CoolCode/useCase/chats_ucase.go:171.43,173.3 1 1
github.com/go-park-mail-ru/2019_2_CoolCode/useCase/chats_ucase.go:180.85,182.16 2 1
github.com/go-park-mail-ru/2019_2_CoolCode/useCase/chats_ucase.go:185.2,185.44 1 1
github.com/go-park-mail-ru/2019_2_CoolCode/useCase/chats_ucase.go:188.2,189.49 2 1
github.com/go-park-mail-ru/2019_2_CoolCode/useCase/chats_ucase.go:182.16,184.3 1 1
github.com/go-park-mail-ru/2019_2_CoolCode/useCase/chats_ucase.go:185.44,187.3 1 1
github.com/go-park-mail-ru/2019_2_CoolCode/useCase/chats_ucase.go:193.81,195.16 2 1
github.com/go-park-mail-ru/2019_2_CoolCode/useCase/chats_ucase.go:198.2,198.38 1 1
github.com/go-park-mail-ru/2019_2_CoolCode/useCase/chats_ucase.go:201.2,201.46 1 1
github.com/go-park-mail-ru/2019_2_CoolCode/useCase/chats_ucase.go:195.16,197.3 1 1
github.com/go-park-mail-ru/2019_2_CoolCode/useCase/chats_ucase.go:198.38,200.3 1 1
github.com/go-park-mail-ru/2019_2_CoolCode/useCase/chats_ucase.go:205.92,208.2 2 1
github.com/go-park-mail-ru/2019_2_CoolCode/useCase/chats_ucase.go:210.61,212.2 1 0
github.com/go-park-mail-ru/2019_2_CoolCode/useCase/chats_ucase.go:214.68,218.2 1 0
github.com/go-park-mail-ru/2019_2_CoolCode/useCase/chats_ucase.go:220.42,221.22 1 1
github.com/go-park-mail-ru/2019_2_CoolCode/useCase/chats_ucase.go:226.2,226.14 1 1
github.com/go-park-mail-ru/2019_2_CoolCode/useCase/chats_ucase.go:221.22,222.13 1 1
github.com/go-park-mail-ru/2019_2_CoolCode/useCase/chats_ucase.go:222.13,224.4 1 1
github.com/go-park-mail-ru/2019_2_CoolCode/useCase/chats_ucase.go:229.51,231.25 2 1
github.com/go-park-mail-ru/2019_2_CoolCode/useCase/chats_ucase.go:236.2,236.42 1 1
github.com/go-park-mail-ru/2019_2_CoolCode/useCase/chats_ucase.go:231.25,232.16 1 1
github.com/go-park-mail-ru/2019_2_CoolCode/useCase/chats_ucase.go:232.16,234.4 1 1
github.com/go-park-mail-ru/2019_2_CoolCode/useCase/messages_usecase.go:23.101,28.2 1 0
github.com/go-park-mail-ru/2019_2_CoolCode/useCase/messages_usecase.go:30.101,32.16 2 1
github.com/go-park-mail-ru/2019_2_CoolCode/useCase/messages_usecase.go:35.2,35.19 1 1
github.com/go-park-mail-ru/2019_2_CoolCode/useCase/messages_usecase.go:39.2,39.49 1 1
github.com/go-park-mail-ru/2019_2_CoolCode/useCase/messages_usecase.go:32.16,34.3 1 1
github.com/go-park-mail-ru/2019_2_CoolCode/useCase/messages_usecase.go:35.19,37.3 1 1
github.com/go-park-mail-ru/2019_2_CoolCode/useCase/messages_usecase.go:42.88,43.23 1 0
github.com/go-park-mail-ru/2019_2_CoolCode/useCase/messages_usecase.go:46.83,48.16 2 1
github.com/go-park-mail-ru/2019_2_CoolCode/useCase/messages_usecase.go:51.2,51.19 1 1
github.com/go-park-mail-ru/2019_2_CoolCode/useCase/messages_usecase.go:54.2,54.41 1 1
github.com/go-park-mail-ru/2019_2_CoolCode/useCase/messages_usecase.go:48.16,50.3 1 1
github.com/go-park-mail-ru/2019_2_CoolCode/useCase/messages_usecase.go:51.19,53.3 1 1
github.com/go-park-mail-ru/2019_2_CoolCode/useCase/messages_usecase.go:57.88,59.16 2 1
github.com/go-park-mail-ru/2019_2_CoolCode/useCase/messages_usecase.go:62.2,62.34 1 0
github.com/go-park-mail-ru/2019_2_CoolCode/useCase/messages_usecase.go:65.2,65.44 1 0
github.com/go-park-mail-ru/2019_2_CoolCode/useCase/messages_usecase.go:59.16,61.3 1 1
github.com/go-park-mail-ru/2019_2_CoolCode/useCase/messages_usecase.go:62.34,64.3 1 0
github.com/go-park-mail-ru/2019_2_CoolCode/useCase/messages_usecase.go:68.83,70.16 2 1
github.com/go-park-mail-ru/2019_2_CoolCode/useCase/messages_usecase.go:73.2,73.32 1 1
github.com/go-park-mail-ru/2019_2_CoolCode/useCase/messages_usecase.go:76.2,76.46 1 1
github.com/go-park-mail-ru/2019_2_CoolCode/useCase/messages_usecase.go:70.16,72.3 1 1
github.com/go-park-mail-ru/2019_2_CoolCode/useCase/messages_usecase.go:73.32,75.3 1 1
github.com/go-park-mail-ru/2019_2_CoolCode/useCase/messages_usecase.go:79.90,81.16 2 1
github.com/go-park-mail-ru/2019_2_CoolCode/useCase/messages_usecase.go:84.2,84.32 1 1
github.com/go-park-mail-ru/2019_2_CoolCode/useCase/messages_usecase.go:87.2,87.53 1 1
github.com/go-park-mail-ru/2019_2_CoolCode/useCase/messages_usecase.go:81.16,83.3 1 1
github.com/go-park-mail-ru/2019_2_CoolCode/useCase/messages_usecase.go:84.32,86.3 1 1
github.com/go-park-mail-ru/2019_2_CoolCode/useCase/notification_usecase.go:12.51,14.2 1 0
github.com/go-park-mail-ru/2019_2_CoolCode/useCase/notification_usecase.go:16.81,18.2 1 0
github.com/go-park-mail-ru/2019_2_CoolCode/useCase/notification_usecase.go:20.80,24.2 3 0
github.com/go-park-mail-ru/2019_2_CoolCode/useCase/users_ucase.go:25.74,27.16 2 1
github.com/go-park-mail-ru/2019_2_CoolCode/useCase/users_ucase.go:32.2,32.57 1 1
github.com/go-park-mail-ru/2019_2_CoolCode/useCase/users_ucase.go:27.16,30.3 2 1
github.com/go-park-mail-ru/2019_2_CoolCode/useCase/users_ucase.go:32.57,34.3 1 1
github.com/go-park-mail-ru/2019_2_CoolCode/useCase/users_ucase.go:34.8,37.3 2 1
github.com/go-park-mail-ru/2019_2_CoolCode/useCase/users_ucase.go:41.60,45.2 1 0
github.com/go-park-mail-ru/2019_2_CoolCode/useCase/users_ucase.go:47.68,49.16 2 1
github.com/go-park-mail-ru/2019_2_CoolCode/useCase/users_ucase.go:52.2,52.20 1 1
github.com/go-park-mail-ru/2019_2_CoolCode/useCase/users_ucase.go:55.2,55.18 1 1
github.com/go-park-mail-ru/2019_2_CoolCode/useCase/users_ucase.go:49.16,51.3 1 1
github.com/go-park-mail-ru/2019_2_CoolCode/useCase/users_ucase.go:52.20,54.3 1 1
github.com/go-park-mail-ru/2019_2_CoolCode/useCase/users_ucase.go:58.74,60.2 1 1
github.com/go-park-mail-ru/2019_2_CoolCode/useCase/users_ucase.go:62.59,63.37 1 1
github.com/go-park-mail-ru/2019_2_CoolCode/useCase/users_ucase.go:77.2,77.12 1 1
github.com/go-park-mail-ru/2019_2_CoolCode/useCase/users_ucase.go:63.37,66.3 2 1
github.com/go-park-mail-ru/2019_2_CoolCode/useCase/users_ucase.go:66.8,67.25 1 1
github.com/go-park-mail-ru/2019_2_CoolCode/useCase/users_ucase.go:70.3,72.17 3 1
github.com/go-park-mail-ru/2019_2_CoolCode/useCase/users_ucase.go:67.25,69.4 1 1
github.com/go-park-mail-ru/2019_2_CoolCode/useCase/users_ucase.go:72.17,75.4 2 1
github.com/go-park-mail-ru/2019_2_CoolCode/useCase/users_ucase.go:80.60,81.35 1 1
github.com/go-park-mail-ru/2019_2_CoolCode/useCase/users_ucase.go:102.2,102.12 1 1
github.com/go-park-mail-ru/2019_2_CoolCode/useCase/users_ucase.go:81.35,83.3 1 1
github.com/go-park-mail-ru/2019_2_CoolCode/useCase/users_ucase.go:83.8,85.17 2 1
github.com/go-park-mail-ru/2019_2_CoolCode/useCase/users_ucase.go:89.3,89.46 1 1
github.com/go-park-mail-ru/2019_2_CoolCode/useCase/users_ucase.go:93.3,93.26 1 1
github.com/go-park-mail-ru/2019_2_CoolCode/useCase/users_ucase.go:96.3,97.17 2 1
github.com/go-park-mail-ru/2019_2_CoolCode/useCase/users_ucase.go:85.17,88.4 2 1
github.com/go-park-mail-ru/2019_2_CoolCode/useCase/users_ucase.go:89.46,91.4 1 1
github.com/go-park-mail-ru/2019_2_CoolCode/useCase/users_ucase.go:93.26,95.4 1 1
github.com/go-park-mail-ru/2019_2_CoolCode/useCase/users_ucase.go:97.17,100.4 2 1
github.com/go-park-mail-ru/2019_2_CoolCode/useCase/users_ucase.go:105.73,108.16 3 1
github.com/go-park-mail-ru/2019_2_CoolCode/useCase/users_ucase.go:111.2,111.39 1 1
github.com/go-park-mail-ru/2019_2_CoolCode/useCase/users_ucase.go:117.2,117.20 1 1
github.com/go-park-mail-ru/2019_2_CoolCode/useCase/users_ucase.go:108.16,110.3 1 1
github.com/go-park-mail-ru/2019_2_CoolCode/useCase/users_ucase.go:111.39,112.49 1 0
github.com/go-park-mail-ru/2019_2_CoolCode/useCase/users_ucase.go:112.49,115.4 2 0
github.com/go-park-mail-ru/2019_2_CoolCode/useCase/users_ucase.go:120.53,122.2 1 1
github.com/go-park-mail-ru/2019_2_CoolCode/useCase/users_ucase.go:124.73,127.16 3 1
github.com/go-park-mail-ru/2019_2_CoolCode/useCase/users_ucase.go:132.2,132.13 1 1
github.com/go-park-mail-ru/2019_2_CoolCode/useCase/users_ucase.go:127.16,130.3 2 1
github.com/go-park-mail-ru/2019_2_CoolCode/useCase/users_ucase.go:135.37,137.16 2 1
github.com/go-park-mail-ru/2019_2_CoolCode/useCase/users_ucase.go:140.2,140.21 1 1
github.com/go-park-mail-ru/2019_2_CoolCode/useCase/users_ucase.go:137.16,139.3 1 0
